<html>
<body>
<pre>
<h1>µVision Build Log</h1>
<h2>Project:</h2>
E:\University\7th semester fall 2020\Embedded Systems\Assignment\Assignment2.uvproj
Project File Date:  12/31/2020

<h2>Output:</h2>
Rebuild target 'Target 1'
assembling startup_TM4C123.s...
compiling assignment2.c...
linking...
.\Assignment2.axf: Error: L6200E: Symbol EnableInterrupts multiply defined (by assignment2.o and startup_tm4c123.o).
Not enough information to list image symbols.
Not enough information to list the image map.
Finished: 2 information, 0 warning and 1 error messages.
".\Assignment2.axf" - 1 Error(s), 0 Warning(s).
Target not created
</pre>
</body>
</html>
(11): error: A1163E: Unknown opcode or , expecting opcode or Macro
startup_TM4C123.s(12): error: A1137E: Unexpected characters at end of line
startup_TM4C123.s(13): error: A1137E: Unexpected characters at end of line
startup_TM4C123.s(14): error: A1137E: Unexpected characters at end of line
startup_TM4C123.s(15): error: A1137E: Unexpected characters at end of line
startup_TM4C123.s(16): error: A1137E: Unexpected characters at end of line
startup_TM4C123.s(17): error: A1137E: Unexpected characters at end of line
startup_TM4C123.s(19): error: A1137E: Unexpected characters at end of line
startup_TM4C123.s(20): error: A1137E: Unexpected characters at end of line
startup_TM4C123.s(21): error: A1137E: Unexpected characters at end of line
startup_TM4C123.s(22): error: A1163E: Unknown opcode with , expecting opcode or Macro
startup_TM4C123.s(23): error: A1137E: Unexpected characters at end of line
startup_TM4C123.s(24): error: A1163E: Unknown opcode freely , expecting opcode or Macro
startup_TM4C123.s(25): error: A1137E: Unexpected characters at end of line
startup_TM4C123.s(26): error: A1163E: Unknown opcode M , expecting opcode or Macro
startup_TM4C123.s(27): error: A1137E: Unexpected characters at end of line
startup_TM4C123.s(28): error: A1137E: Unexpected characters at end of line
startup_TM4C123.s(29): error: A1137E: Unexpected characters at end of line
startup_TM4C123.s(30): error: A1163E: Unknown opcode HETHER , expecting opcode or Macro
startup_TM4C123.s(31): error: A1137E: Unexpected characters at end of line
startup_TM4C123.s(32): error: A1163E: Unknown opcode WARRANTIES , expecting opcode or Macro
startup_TM4C123.s(33): error: A1137E: Unexpected characters at end of line
startup_TM4C123.s(34): error: A1163E: Unknown opcode APPLY , expecting opcode or Macro
startup_TM4C123.s(35): error: A1137E: Unexpected characters at end of line
startup_TM4C123.s(36): error: A1163E: Unknown opcode PECIAL, , expecting opcode or Macro
startup_TM4C123.s(37): error: A1137E: Unexpected characters at end of line
startup_TM4C123.s(38): error: A1137E: Unexpected characters at end of line
startup_TM4C123.s(39): error: A1137E: Unexpected characters at end of line
startup_TM4C123.s(40): error: A1137E: Unexpected characters at end of line
startup_TM4C123.s(41): error: A1137E: Unexpected characters at end of line
startup_TM4C123.s(42): error: A1137E: Unexpected characters at end of line
startup_TM4C123.s(43): error: A1137E: Unexpected characters at end of line
startup_TM4C123.s(44): error: A1137E: Unexpected characters at end of line
startup_TM4C123.s(45): error: A1137E: Unexpected characters at end of line
startup_TM4C123.s(46): error: A1137E: Unexpected characters at end of line
startup_TM4C123.s(47): error: A1137E: Unexpected characters at end of line
startup_TM4C123.s(48): error: A1137E: Unexpected characters at end of line
startup_TM4C123.s(49): error: A1137E: Unexpected characters at end of line
startup_TM4C123.s(50): error: A1137E: Unexpected characters at end of line
startup_TM4C123.s(51): error: A1137E: Unexpected characters at end of line
startup_TM4C123.s(52): error: A1163E: Unknown opcode Stack_Size , expecting opcode or Macro
startup_TM4C123.s(53): error: A1159E: Label missing from line start
startup_TM4C123.s(54): error: A1137E: Unexpected characters at end of line
startup_TM4C123.s(55): error: A1137E: Unexpected characters at end of line
startup_TM4C123.s(56): error: A1167E: Invalid line start 
compiling assignment2.c...
".\Assignment2.axf" - 50 Error(s), 0 Warning(s).
Target not created
